<?xml version="1.0" encoding="UTF-8"?>
<!-- Generated by org.testng.reporters.JUnitReportReporter -->
<testsuite skipped="0" hostname="DESKTOP-EGT6IGU" name="registeration.TC001" tests="1" failures="0" timestamp="30 Jun 2019 07:11:12 GMT" time="7.035" errors="0">
  <testcase name="tc001" time="7.035" classname="registeration.TC001"/>
</testsuite> <!-- registeration.TC001 -->
