<?xml version="1.0" encoding="UTF-8"?>
<!-- Generated by org.testng.reporters.JUnitReportReporter -->
<testsuite skipped="0" hostname="DESKTOP-EGT6IGU" name="registeration.Login" tests="1" failures="0" timestamp="30 Jun 2019 07:28:01 GMT" time="5.890" errors="0">
  <testcase name="Tc002" time="5.890" classname="registeration.Login"/>
</testsuite> <!-- registeration.Login -->
